<?xml version="1.0" encoding="UTF-8"?>
<testng-results ignored="5" total="7" passed="2" failed="0" skipped="0">
  <reporter-output>
  </reporter-output>
  <suite started-at="2023-01-21T17:31:00 IST" name="Default suite" finished-at="2023-01-21T17:31:12 IST" duration-ms="12170">
    <groups>
    </groups>
    <test started-at="2023-01-21T17:31:00 IST" name="Default test" finished-at="2023-01-21T17:31:12 IST" duration-ms="12170">
      <class name="com.benthonLabs.BenthonLabsApplication.Home_Pages">
        <test-method is-config="true" signature="Browser_Lunch()[pri:0, instance:com.benthonLabs.BenthonLabsApplication.Home_Pages@4f6ee6e4]" started-at="2023-01-21T17:31:00 IST" name="Browser_Lunch" finished-at="2023-01-21T17:31:03 IST" duration-ms="3264" status="PASS">
          <reporter-output>
          </reporter-output>
        </test-method> <!-- Browser_Lunch -->
        <test-method signature="HomePage_Open()[pri:1, instance:com.benthonLabs.BenthonLabsApplication.Home_Pages@4f6ee6e4]" started-at="2023-01-21T17:31:03 IST" name="HomePage_Open" finished-at="2023-01-21T17:31:09 IST" duration-ms="5766" status="PASS">
          <reporter-output>
          </reporter-output>
        </test-method> <!-- HomePage_Open -->
        <test-method signature="Success_Client()[pri:7, instance:com.benthonLabs.BenthonLabsApplication.Home_Pages@4f6ee6e4]" started-at="2023-01-21T17:31:09 IST" name="Success_Client" finished-at="2023-01-21T17:31:12 IST" duration-ms="2786" status="PASS">
          <reporter-output>
          </reporter-output>
        </test-method> <!-- Success_Client -->
        <test-method is-config="true" signature="DearDown()[pri:0, instance:com.benthonLabs.BenthonLabsApplication.Home_Pages@4f6ee6e4]" started-at="2023-01-21T17:31:12 IST" name="DearDown" finished-at="2023-01-21T17:31:12 IST" duration-ms="306" status="PASS">
          <reporter-output>
          </reporter-output>
        </test-method> <!-- DearDown -->
      </class> <!-- com.benthonLabs.BenthonLabsApplication.Home_Pages -->
    </test> <!-- Default test -->
  </suite> <!-- Default suite -->
</testng-results>
