<?xml version="1.0" encoding="UTF-8"?>
<!-- Generated by org.testng.reporters.JUnitXMLReporter -->
<testsuite ignored="2" hostname="LAPTOP-JL84H6HT" failures="1" tests="2" name="Start Your project" time="25.237" errors="0" timestamp="2023-02-06T13:02:19 IST">
  <testcase classname="com.benthonLabs.BenthonLabsApplication.Start_Your_Project" name="Verify_Start_Your_Project_Page" time="3.139">
    <failure type="org.openqa.selenium.ElementClickInterceptedException" message="element click intercepted: Element is not clickable at point (1170, 7746)
  (Session info: chrome=109.0.5414.120)
Build info: version: &amp;apos;4.1.1&amp;apos;, revision: &amp;apos;e8fcc2cecf&amp;apos;
System info: host: &amp;apos;LAPTOP-JL84H6HT&amp;apos;, ip: &amp;apos;192.168.29.109&amp;apos;, os.name: &amp;apos;Windows 10&amp;apos;, os.arch: &amp;apos;amd64&amp;apos;, os.version: &amp;apos;10.0&amp;apos;, java.version: &amp;apos;17&amp;apos;
Driver info: org.openqa.selenium.chrome.ChromeDriver
Command: [37424bf73a65d79aac49f6903e094f41, clickElement {id=7643fa17-9622-4200-aa0d-d24fa6be25b6}]
Capabilities {acceptInsecureCerts: false, browserName: chrome, browserVersion: 109.0.5414.120, chrome: {chromedriverVersion: 108.0.5359.71 (1e0e3868ee06..., userDataDir: C:\Users\CL-009\AppData\Loc...}, goog:chromeOptions: {debuggerAddress: localhost:53035}, javascriptEnabled: true, networkConnectionEnabled: false, pageLoadStrategy: normal, platform: WINDOWS, platformName: WINDOWS, proxy: Proxy(), se:cdp: ws://localhost:53035/devtoo..., se:cdpVersion: 109.0.5414.120, setWindowRect: true, strictFileInteractability: false, timeouts: {implicit: 0, pageLoad: 300000, script: 30000}, unhandledPromptBehavior: dismiss and notify, webauthn:extension:credBlob: true, webauthn:extension:largeBlob: true, webauthn:virtualAuthenticators: true}
Element: [[ChromeDriver: chrome on WINDOWS (37424bf73a65d79aac49f6903e094f41)] -&amp;gt; xpath: //a[text()=&amp;apos;Start your Project&amp;apos;]]
Session ID: 37424bf73a65d79aac49f6903e094f41">
      <![CDATA[org.openqa.selenium.ElementClickInterceptedException: element click intercepted: Element is not clickable at point (1170, 7746)
  (Session info: chrome=109.0.5414.120)
Build info: version: '4.1.1', revision: 'e8fcc2cecf'
System info: host: 'LAPTOP-JL84H6HT', ip: '192.168.29.109', os.name: 'Windows 10', os.arch: 'amd64', os.version: '10.0', java.version: '17'
Driver info: org.openqa.selenium.chrome.ChromeDriver
Command: [37424bf73a65d79aac49f6903e094f41, clickElement {id=7643fa17-9622-4200-aa0d-d24fa6be25b6}]
Capabilities {acceptInsecureCerts: false, browserName: chrome, browserVersion: 109.0.5414.120, chrome: {chromedriverVersion: 108.0.5359.71 (1e0e3868ee06..., userDataDir: C:\Users\CL-009\AppData\Loc...}, goog:chromeOptions: {debuggerAddress: localhost:53035}, javascriptEnabled: true, networkConnectionEnabled: false, pageLoadStrategy: normal, platform: WINDOWS, platformName: WINDOWS, proxy: Proxy(), se:cdp: ws://localhost:53035/devtoo..., se:cdpVersion: 109.0.5414.120, setWindowRect: true, strictFileInteractability: false, timeouts: {implicit: 0, pageLoad: 300000, script: 30000}, unhandledPromptBehavior: dismiss and notify, webauthn:extension:credBlob: true, webauthn:extension:largeBlob: true, webauthn:virtualAuthenticators: true}
Element: [[ChromeDriver: chrome on WINDOWS (37424bf73a65d79aac49f6903e094f41)] -> xpath: //a[text()='Start your Project']]
Session ID: 37424bf73a65d79aac49f6903e094f41
at org.openqa.selenium.remote.codec.w3c.W3CHttpResponseCodec.createException(W3CHttpResponseCodec.java:200)
at org.openqa.selenium.remote.codec.w3c.W3CHttpResponseCodec.decode(W3CHttpResponseCodec.java:133)
at org.openqa.selenium.remote.codec.w3c.W3CHttpResponseCodec.decode(W3CHttpResponseCodec.java:53)
at org.openqa.selenium.remote.HttpCommandExecutor.execute(HttpCommandExecutor.java:184)
at org.openqa.selenium.remote.service.DriverCommandExecutor.invokeExecute(DriverCommandExecutor.java:167)
at org.openqa.selenium.remote.service.DriverCommandExecutor.execute(DriverCommandExecutor.java:142)
at org.openqa.selenium.remote.RemoteWebDriver.execute(RemoteWebDriver.java:543)
at org.openqa.selenium.remote.RemoteWebElement.execute(RemoteWebElement.java:251)
at org.openqa.selenium.remote.RemoteWebElement.click(RemoteWebElement.java:77)
at com.benthonLabs.BenthonLabsApplication.Start_Your_Project.Verify_Start_Your_Project_Page(Start_Your_Project.java:34)
at java.base/java.util.ArrayList.forEach(ArrayList.java:1511)
... Removed 32 stack frames]]>
    </failure>
  </testcase> <!-- Verify_Start_Your_Project_Page -->
  <testcase classname="com.benthonLabs.BenthonLabsApplication.Start_Your_Project" name="Verify_Captcha" time="0.0">
    <skipped/>
  </testcase> <!-- Verify_Captcha -->
  <testcase classname="com.benthonLabs.BenthonLabsApplication.Website_OpenOn_Browser" name="@AfterTest Closed_Opened_Browser" time="0.0">
    <ignored/>
  </testcase> <!-- @AfterTest Closed_Opened_Browser -->
  <testcase classname="com.benthonLabs.BenthonLabsApplication.Website_OpenOn_Browser" name="@BeforeTest Open_Browser" time="0.0">
    <ignored/>
  </testcase> <!-- @BeforeTest Open_Browser -->
</testsuite> <!-- Start Your project -->
