<?xml version="1.0" encoding="UTF-8"?>
<!-- Generated by org.testng.reporters.JUnitXMLReporter -->
<testsuite ignored="7" hostname="LAPTOP-JL84H6HT" failures="1" tests="1" name="Test" time="7.632" errors="0" timestamp="2023-01-31T15:37:03 IST">
  <testcase classname="com.benthonLabs.BenthonLabsApplication.Close_Browsers" name="@AfterTest DearDown" time="0.001">
    <failure type="java.lang.NullPointerException" message="Cannot invoke &amp;quot;org.openqa.selenium.WebDriver.quit()&amp;quot; because &amp;quot;this.driver&amp;quot; is null">
      <![CDATA[java.lang.NullPointerException: Cannot invoke "org.openqa.selenium.WebDriver.quit()" because "this.driver" is null
at com.benthonLabs.BenthonLabsApplication.Close_Browsers.DearDown(Close_Browsers.java:10)
... Removed 24 stack frames]]>
    </failure>
  </testcase> <!-- @AfterTest DearDown -->
  <testcase classname="com.benthonLabs.BenthonLabsApplication.Home_Pages" name="HomePage_Open" time="0.021">
    <failure type="java.lang.NullPointerException" message="Cannot invoke &amp;quot;org.openqa.selenium.WebDriver.get(String)&amp;quot; because &amp;quot;this.driver&amp;quot; is null">
      <![CDATA[java.lang.NullPointerException: Cannot invoke "org.openqa.selenium.WebDriver.get(String)" because "this.driver" is null
at com.benthonLabs.BenthonLabsApplication.Home_Pages.HomePage_Open(Home_Pages.java:39)
at java.base/java.util.ArrayList.forEach(ArrayList.java:1511)
... Removed 27 stack frames]]>
    </failure>
  </testcase> <!-- HomePage_Open -->
  <testcase classname="com.benthonLabs.BenthonLabsApplication.Home_Pages" name="Success_Client" time="0.0">
    <ignored/>
  </testcase> <!-- Success_Client -->
  <testcase classname="com.benthonLabs.BenthonLabsApplication.Home_Pages" name="VerifyAllLinkActive" time="0.0">
    <ignored/>
  </testcase> <!-- VerifyAllLinkActive -->
  <testcase classname="com.benthonLabs.BenthonLabsApplication.Home_Pages" name="EXTENSIVE_EXPERTISE_H2" time="0.0">
    <ignored/>
  </testcase> <!-- EXTENSIVE_EXPERTISE_H2 -->
  <testcase classname="com.benthonLabs.BenthonLabsApplication.Home_Pages" name="Homebanaer_TitleDescription" time="0.0">
    <ignored/>
  </testcase> <!-- Homebanaer_TitleDescription -->
  <testcase classname="com.benthonLabs.BenthonLabsApplication.Home_Pages" name="Verifybannerbelowsection" time="0.0">
    <ignored/>
  </testcase> <!-- Verifybannerbelowsection -->
  <testcase classname="com.benthonLabs.BenthonLabsApplication.Home_Pages" name="VerifyALLImages" time="0.0">
    <ignored/>
  </testcase> <!-- VerifyALLImages -->
  <testcase classname="com.benthonLabs.BenthonLabsApplication.Home_Pages" name="Tourism" time="0.0">
    <ignored/>
  </testcase> <!-- Tourism -->
</testsuite> <!-- Test -->
