<?xml version="1.0" encoding="UTF-8"?>
<!-- Generated by org.testng.reporters.JUnitXMLReporter -->
<testsuite ignored="0" hostname="LAPTOP-JL84H6HT" failures="0" tests="4" name="Test" time="26.421" errors="0" timestamp="2023-01-17T12:12:49 IST">
  <testcase classname="com.benthonLabs.BenthonLabsApplication.Home_Pages" name="HomePage_Open" time="4.925"/>
  <testcase classname="com.benthonLabs.BenthonLabsApplication.Home_Pages" name="Homebanaer_TitleDescription" time="0.112"/>
  <testcase classname="com.benthonLabs.BenthonLabsApplication.Home_Pages" name="VerifyALLImages" time="5.581"/>
  <testcase classname="com.benthonLabs.BenthonLabsApplication.Home_Pages" name="VerifyLinkActive" time="11.671"/>
</testsuite> <!-- Test -->
