<?xml version="1.0" encoding="UTF-8"?>
<!-- Generated by org.testng.reporters.JUnitXMLReporter -->
<testsuite ignored="0" hostname="LAPTOP-JL84H6HT" failures="0" tests="2" name="Default test" time="6.598" errors="0" timestamp="2023-01-13T17:21:18 IST">
  <testcase classname="com.benthonLabs.BenthonLabsApplication.Home_Pages" name="HomePage_Open" time="3.462"/>
  <testcase classname="com.benthonLabs.BenthonLabsApplication.Home_Pages" name="Homebanaer_TitleDescription" time="0.029"/>
</testsuite> <!-- Default test -->
